{
  "RSpec": {
    "coverage": {
      "/Users/SamFolorunsho/CODE Projects/Makers Academy/Ben_Sheridan-Edwards_bookmark_manager/Bookmark_Manager/spec/bookmarks_spec.rb": [
        1,
        null,
        1,
        null,
        1,
        null,
        1,
        1,
        1,
        null,
        1,
        1,
        1,
        1,
        null,
        1,
        null,
        1,
        1,
        1,
        1,
        null,
        null,
        null,
        1,
        1,
        1,
        null,
        1,
        null,
        null,
        null,
        null
      ],
      "/Users/SamFolorunsho/CODE Projects/Makers Academy/Ben_Sheridan-Edwards_bookmark_manager/Bookmark_Manager/spec/features/creating_bookmarks_spec.rb": [
        1,
        1,
        1,
        1,
        1,
        null,
        1,
        null,
        null
      ],
      "/Users/SamFolorunsho/CODE Projects/Makers Academy/Ben_Sheridan-Edwards_bookmark_manager/Bookmark_Manager/spec/features/viewing_bookmarks_spec.rb": [
        1,
        null,
        1,
        null,
        1,
        1,
        1,
        1,
        null,
        null,
        null,
        1,
        1,
        null,
        1,
        1,
        1,
        1,
        null,
        1,
        null,
        1,
        1,
        1,
        1,
        null,
        null
      ]
    },
    "timestamp": 1575554515
  }
}
